<?xml version="1.0" encoding="UTF-8"?>
<testng-results ignored="0" total="1" passed="1" failed="0" skipped="0">
  <reporter-output>
  </reporter-output>
  <suite started-at="2022-10-17T18:16:02 ART" name="Default suite" finished-at="2022-10-17T18:16:02 ART" duration-ms="24">
    <groups>
    </groups>
    <test started-at="2022-10-17T18:16:02 ART" name="Default test" finished-at="2022-10-17T18:16:02 ART" duration-ms="24">
      <class name="edit.CeducacionIT05092022.laboratorio16">
        <test-method is-config="true" signature="abrirPagina()[pri:0, instance:edit.CeducacionIT05092022.laboratorio16@1ffaf86]" started-at="2022-10-17T18:15:59 ART" name="abrirPagina" finished-at="2022-10-17T18:16:02 ART" duration-ms="2980" status="PASS">
          <reporter-output>
          </reporter-output>
        </test-method> <!-- abrirPagina -->
        <test-method signature="test()[pri:0, instance:edit.CeducacionIT05092022.laboratorio16@1ffaf86]" started-at="2022-10-17T18:16:02 ART" name="test" finished-at="2022-10-17T18:16:02 ART" duration-ms="3" status="PASS">
          <reporter-output>
          </reporter-output>
        </test-method> <!-- test -->
      </class> <!-- edit.CeducacionIT05092022.laboratorio16 -->
    </test> <!-- Default test -->
  </suite> <!-- Default suite -->
</testng-results>
